nohup: ignoring input
2024-07-31 11:02:32.545771: I tensorflow/core/util/port.cc:110] oneDNN custom operations are on. You may see slightly different numerical results due to floating-point round-off errors from different computation orders. To turn them off, set the environment variable `TF_ENABLE_ONEDNN_OPTS=0`.
2024-07-31 11:02:32.633983: I tensorflow/core/platform/cpu_feature_guard.cc:182] This TensorFlow binary is optimized to use available CPU instructions in performance-critical operations.
To enable the following instructions: AVX2 AVX_VNNI FMA, in other operations, rebuild TensorFlow with the appropriate compiler flags.
2024-07-31 11:02:33,454 - utilsd.experiment - INFO - Config: {"data": {"file": "data/metr-la.h5", "window": 12, "horizon": 6, "train_ratio": 0.7, "test_ratio": 0.1, "normalize": 2, "last_label": false, "raw_label": false, "dataset_name": null}, "network": {"spatial_embed": true, "temporal_embed": true, "temporal_emb_type": "learn", "hidden_size": 8, "dropout": 0.1, "cell_type": "GRU", "propalpha": 0.05, "gcn_depth": 2, "gcn": true, "dyna": false, "num_layers": 3, "is_bidir": true, "max_length": 100, "subgraph_size": 20, "node_dim": 16, "tanhalpha": 3, "out_size": 4, "distance": "fro", "input_size": null, "weight_file": null}, "model": {"task": "regression", "optimizer": "Adam", "lr": 0.001, "weight_decay": 0.0, "loss_fn": "mse", "metrics": ["mse", "mae", "corr", "rrse", "r2"], "observe": "mse", "lower_is_better": true, "max_epoches": 1000, "batch_size": 128, "network": null, "output_dir": null, "checkpoint_dir": null, "early_stop": 30, "out_ranges": null, "model_path": null, "alpha1": 1.0, "alpha2": 1.0, "out_size": 1, "aggregate": true}, "runtime": {"seed": 42, "output_dir": "outputs", "checkpoint_dir": "outputs/checkpoints", "tb_log_dir": "outputs/tb", "debug": false, "use_cuda": true}}
2024-07-31 11:02:33,455 - utilsd.experiment - INFO - Config (expanded):
{'data': {'dataset_name': None,
          'file': 'data/metr-la.h5',
          'horizon': 6,
          'last_label': False,
          'normalize': 2,
          'raw_label': False,
          'test_ratio': 0.1,
          'train_ratio': 0.7,
          'window': 12},
 'model': {'aggregate': True,
           'alpha1': 1.0,
           'alpha2': 1.0,
           'batch_size': 128,
           'checkpoint_dir': None,
           'early_stop': 30,
           'loss_fn': 'mse',
           'lower_is_better': True,
           'lr': 0.001,
           'max_epoches': 1000,
           'metrics': ['mse', 'mae', 'corr', 'rrse', 'r2'],
           'model_path': None,
           'network': None,
           'observe': 'mse',
           'optimizer': 'Adam',
           'out_ranges': None,
           'out_size': 1,
           'output_dir': None,
           'task': 'regression',
           'weight_decay': 0.0},
 'network': {'cell_type': 'GRU',
             'distance': 'fro',
             'dropout': 0.1,
             'dyna': False,
             'gcn': True,
             'gcn_depth': 2,
             'hidden_size': 8,
             'input_size': None,
             'is_bidir': True,
             'max_length': 100,
             'node_dim': 16,
             'num_layers': 3,
             'out_size': 4,
             'propalpha': 0.05,
             'spatial_embed': True,
             'subgraph_size': 20,
             'tanhalpha': 3,
             'temporal_emb_type': 'learn',
             'temporal_embed': True,
             'weight_file': None},
 'runtime': {'checkpoint_dir': PosixPath('outputs/checkpoints'),
             'debug': False,
             'output_dir': PosixPath('outputs'),
             'seed': 42,
             'tb_log_dir': PosixPath('outputs/tb'),
             'use_cuda': True}}
2024-07-31 11:02:33,481 - numexpr.utils - INFO - Note: NumExpr detected 32 cores but "NUMEXPR_MAX_THREADS" not set, so enforcing safe limit of 8.
2024-07-31 11:02:33,481 - numexpr.utils - INFO - NumExpr defaulting to 8 threads.
Using GPU
No checkpoint found in outputs/checkpoints forecaster.model.base
0	'train'	Time:55.54	MetricT: 6.33	mse: 221.5326	mae: 9.2763	corr: -0.4857	rrse: 0.8004	r2: 0.4169	loss: 0.1449	minmax_loss: 0.0003	dynamic_loss: 0.0503	static_loss: 0.0493	final_loss: 0.0453	2024-07-31 11:03:41.413576
0	'valid'	Time:17.94	MetricT: 1.45	mse: 149.1810	mae: 6.9458	corr: -0.6804	rrse: 0.6418	r2: 0.6320	loss: 0.0939	minmax_loss: 0.0003	dynamic_loss: 0.0325	static_loss: 0.0309	final_loss: 0.0305	2024-07-31 11:04:00.804667
2024-07-31 11:04:00,806 - utilsd.earlystop - INFO - Earlystop hit best record: 149.18104553222656
Checkpoint saved to outputs/checkpoints/resume.pth forecaster.model.base
1	'train'	Time:72.22	MetricT: 5.57	mse: 110.4788	mae: 6.1326	corr: -0.6875	rrse: 0.5652	r2: 0.7092	loss: 0.0708	minmax_loss: 0.0003	dynamic_loss: 0.0240	static_loss: 0.0242	final_loss: 0.0226	2024-07-31 11:05:18.809467
1	'valid'	Time:18.75	MetricT: 1.35	mse: 123.8045	mae: 6.1525	corr: -0.7044	rrse: 0.5846	r2: 0.6946	loss: 0.0785	minmax_loss: 0.0003	dynamic_loss: 0.0274	static_loss: 0.0258	final_loss: 0.0253	2024-07-31 11:05:38.920729
2024-07-31 11:05:38,922 - utilsd.earlystop - INFO - Earlystop hit best record: 123.80445861816406
Checkpoint saved to outputs/checkpoints/resume.pth forecaster.model.base
2	'train'	Time:65.95	MetricT: 5.68	mse: 95.0113	mae: 5.5739	corr: -0.7071	rrse: 0.5242	r2: 0.7499	loss: 0.0608	minmax_loss: 0.0003	dynamic_loss: 0.0206	static_loss: 0.0208	final_loss: 0.0194	2024-07-31 11:06:50.807540
2	'valid'	Time:20.02	MetricT: 1.67	mse: 113.6508	mae: 5.9607	corr: -0.7233	rrse: 0.5601	r2: 0.7196	loss: 0.0717	minmax_loss: 0.0003	dynamic_loss: 0.0245	static_loss: 0.0239	final_loss: 0.0232	2024-07-31 11:07:12.498261
2024-07-31 11:07:12,499 - utilsd.earlystop - INFO - Earlystop hit best record: 113.65079498291016
Checkpoint saved to outputs/checkpoints/resume.pth forecaster.model.base
3	'train'	Time:76.22	MetricT: 7.99	mse: 87.5413	mae: 5.2482	corr: -0.7197	rrse: 0.5031	r2: 0.7696	loss: 0.0558	minmax_loss: 0.0003	dynamic_loss: 0.0187	static_loss: 0.0192	final_loss: 0.0179	2024-07-31 11:08:36.965797
3	'valid'	Time:23.61	MetricT: 2.35	mse: 109.4439	mae: 6.0346	corr: -0.7287	rrse: 0.5497	r2: 0.7300	loss: 0.0691	minmax_loss: 0.0003	dynamic_loss: 0.0240	static_loss: 0.0227	final_loss: 0.0224	2024-07-31 11:09:02.931768
2024-07-31 11:09:02,933 - utilsd.earlystop - INFO - Earlystop hit best record: 109.4439468383789
Checkpoint saved to outputs/checkpoints/resume.pth forecaster.model.base
4	'train'	Time:71.99	MetricT: 6.24	mse: 83.3204	mae: 5.0636	corr: -0.7256	rrse: 0.4909	r2: 0.7807	loss: 0.0529	minmax_loss: 0.0003	dynamic_loss: 0.0175	static_loss: 0.0184	final_loss: 0.0170	2024-07-31 11:10:21.429066
4	'valid'	Time:20.70	MetricT: 1.40	mse: 105.3625	mae: 5.7227	corr: -0.7326	rrse: 0.5393	r2: 0.7401	loss: 0.0664	minmax_loss: 0.0003	dynamic_loss: 0.0224	static_loss: 0.0224	final_loss: 0.0216	2024-07-31 11:10:43.539603
2024-07-31 11:10:43,540 - utilsd.earlystop - INFO - Earlystop hit best record: 105.36251068115234
Checkpoint saved to outputs/checkpoints/resume.pth forecaster.model.base
5	'train'	Time:60.93	MetricT: 6.75	mse: 80.3185	mae: 4.8991	corr: -0.7324	rrse: 0.4819	r2: 0.7886	loss: 0.0509	minmax_loss: 0.0003	dynamic_loss: 0.0167	static_loss: 0.0178	final_loss: 0.0164	2024-07-31 11:11:51.572095
5	'valid'	Time:19.70	MetricT: 1.44	mse: 102.9639	mae: 5.3189	corr: -0.7339	rrse: 0.5332	r2: 0.7460	loss: 0.0646	minmax_loss: 0.0003	dynamic_loss: 0.0219	static_loss: 0.0216	final_loss: 0.0211	2024-07-31 11:12:12.719126
2024-07-31 11:12:12,720 - utilsd.earlystop - INFO - Earlystop hit best record: 102.96388244628906
Checkpoint saved to outputs/checkpoints/resume.pth forecaster.model.base
6	'train'	Time:79.37	MetricT: 6.93	mse: 78.8200	mae: 4.8013	corr: -0.7369	rrse: 0.4774	r2: 0.7925	loss: 0.0499	minmax_loss: 0.0002	dynamic_loss: 0.0164	static_loss: 0.0174	final_loss: 0.0161	2024-07-31 11:13:39.320179
6	'valid'	Time:18.27	MetricT: 1.76	mse: 103.2330	mae: 5.3566	corr: -0.7368	rrse: 0.5338	r2: 0.7453	loss: 0.0648	minmax_loss: 0.0002	dynamic_loss: 0.0220	static_loss: 0.0217	final_loss: 0.0211	2024-07-31 11:13:59.361643
2024-07-31 11:13:59,362 - utilsd.earlystop - INFO - Earlystop patience 1 out of 30
Checkpoint saved to outputs/checkpoints/resume.pth forecaster.model.base
7	'train'	Time:78.92	MetricT: 5.52	mse: 77.5535	mae: 4.7628	corr: -0.7376	rrse: 0.4736	r2: 0.7959	loss: 0.0490	minmax_loss: 0.0002	dynamic_loss: 0.0160	static_loss: 0.0172	final_loss: 0.0159	2024-07-31 11:15:23.995219
7	'valid'	Time:19.90	MetricT: 2.26	mse: 100.1966	mae: 5.5916	corr: -0.7340	rrse: 0.5259	r2: 0.7528	loss: 0.0630	minmax_loss: 0.0002	dynamic_loss: 0.0212	static_loss: 0.0213	final_loss: 0.0205	2024-07-31 11:15:46.155121
2024-07-31 11:15:46,156 - utilsd.earlystop - INFO - Earlystop hit best record: 100.19664001464844
Checkpoint saved to outputs/checkpoints/resume.pth forecaster.model.base
8	'train'	Time:68.20	MetricT: 7.17	mse: 75.8935	mae: 4.6338	corr: -0.7436	rrse: 0.4685	r2: 0.8002	loss: 0.0478	minmax_loss: 0.0002	dynamic_loss: 0.0156	static_loss: 0.0168	final_loss: 0.0155	2024-07-31 11:17:02.257805
8	'valid'	Time:17.95	MetricT: 1.38	mse: 98.8068	mae: 5.0844	corr: -0.7376	rrse: 0.5223	r2: 0.7562	loss: 0.0618	minmax_loss: 0.0002	dynamic_loss: 0.0208	static_loss: 0.0208	final_loss: 0.0202	2024-07-31 11:17:21.597943
2024-07-31 11:17:21,598 - utilsd.earlystop - INFO - Earlystop hit best record: 98.8067626953125
Checkpoint saved to outputs/checkpoints/resume.pth forecaster.model.base
9	'train'	Time:77.47	MetricT: 7.71	mse: 75.0877	mae: 4.5987	corr: -0.7448	rrse: 0.4660	r2: 0.8024	loss: 0.0473	minmax_loss: 0.0002	dynamic_loss: 0.0154	static_loss: 0.0166	final_loss: 0.0154	2024-07-31 11:18:47.050035
9	'valid'	Time:14.60	MetricT: 1.37	mse: 98.4905	mae: 5.3455	corr: -0.7446	rrse: 0.5214	r2: 0.7570	loss: 0.0619	minmax_loss: 0.0002	dynamic_loss: 0.0206	static_loss: 0.0211	final_loss: 0.0202	2024-07-31 11:19:03.027734
2024-07-31 11:19:03,028 - utilsd.earlystop - INFO - Earlystop hit best record: 98.49052429199219
Checkpoint saved to outputs/checkpoints/resume.pth forecaster.model.base
10	'train'	Time:64.41	MetricT: 5.80	mse: 74.4960	mae: 4.5768	corr: -0.7459	rrse: 0.4641	r2: 0.8039	loss: 0.0470	minmax_loss: 0.0002	dynamic_loss: 0.0153	static_loss: 0.0165	final_loss: 0.0152	2024-07-31 11:20:13.548924
10	'valid'	Time:16.71	MetricT: 1.37	mse: 104.9432	mae: 5.4434	corr: -0.7466	rrse: 0.5383	r2: 0.7411	loss: 0.0657	minmax_loss: 0.0001	dynamic_loss: 0.0220	static_loss: 0.0223	final_loss: 0.0215	2024-07-31 11:20:31.643965
2024-07-31 11:20:31,644 - utilsd.earlystop - INFO - Earlystop patience 1 out of 30
Checkpoint saved to outputs/checkpoints/resume.pth forecaster.model.base
11	'train'	Time:70.11	MetricT: 5.49	mse: 73.8059	mae: 4.5309	corr: -0.7485	rrse: 0.4620	r2: 0.8057	loss: 0.0465	minmax_loss: 0.0002	dynamic_loss: 0.0152	static_loss: 0.0162	final_loss: 0.0151	2024-07-31 11:21:47.457166
11	'valid'	Time:17.09	MetricT: 1.34	mse: 96.1719	mae: 4.9895	corr: -0.7487	rrse: 0.5153	r2: 0.7627	loss: 0.0604	minmax_loss: 0.0001	dynamic_loss: 0.0201	static_loss: 0.0206	final_loss: 0.0197	2024-07-31 11:22:05.898554
2024-07-31 11:22:05,900 - utilsd.earlystop - INFO - Earlystop hit best record: 96.17192840576172
Checkpoint saved to outputs/checkpoints/resume.pth forecaster.model.base
12	'train'	Time:60.63	MetricT: 6.36	mse: 73.1098	mae: 4.5019	corr: -0.7509	rrse: 0.4598	r2: 0.8076	loss: 0.0460	minmax_loss: 0.0001	dynamic_loss: 0.0149	static_loss: 0.0162	final_loss: 0.0149	2024-07-31 11:23:13.149203
12	'valid'	Time:19.15	MetricT: 2.16	mse: 96.8325	mae: 4.8447	corr: -0.7483	rrse: 0.5170	r2: 0.7611	loss: 0.0607	minmax_loss: 0.0001	dynamic_loss: 0.0204	static_loss: 0.0205	final_loss: 0.0198	2024-07-31 11:23:34.461766
2024-07-31 11:23:34,463 - utilsd.earlystop - INFO - Earlystop patience 1 out of 30
Checkpoint saved to outputs/checkpoints/resume.pth forecaster.model.base
13	'train'	Time:62.09	MetricT: 5.56	mse: 72.6716	mae: 4.4776	corr: -0.7512	rrse: 0.4584	r2: 0.8087	loss: 0.0458	minmax_loss: 0.0001	dynamic_loss: 0.0149	static_loss: 0.0160	final_loss: 0.0149	2024-07-31 11:24:42.382882
13	'valid'	Time:20.81	MetricT: 1.83	mse: 98.4726	mae: 5.1100	corr: -0.7489	rrse: 0.5214	r2: 0.7571	loss: 0.0618	minmax_loss: 0.0001	dynamic_loss: 0.0205	static_loss: 0.0211	final_loss: 0.0201	2024-07-31 11:25:05.026440
2024-07-31 11:25:05,028 - utilsd.earlystop - INFO - Earlystop patience 2 out of 30
Checkpoint saved to outputs/checkpoints/resume.pth forecaster.model.base
14	'train'	Time:70.18	MetricT: 6.55	mse: 72.0280	mae: 4.4492	corr: -0.7539	rrse: 0.4564	r2: 0.8104	loss: 0.0453	minmax_loss: 0.0001	dynamic_loss: 0.0147	static_loss: 0.0158	final_loss: 0.0147	2024-07-31 11:26:21.941417
14	'valid'	Time:12.64	MetricT: 1.37	mse: 95.3709	mae: 4.9702	corr: -0.7500	rrse: 0.5131	r2: 0.7647	loss: 0.0599	minmax_loss: 0.0002	dynamic_loss: 0.0201	static_loss: 0.0203	final_loss: 0.0195	2024-07-31 11:26:35.955879
2024-07-31 11:26:35,956 - utilsd.earlystop - INFO - Earlystop hit best record: 95.37085723876953
Checkpoint saved to outputs/checkpoints/resume.pth forecaster.model.base
15	'train'	Time:67.50	MetricT: 6.54	mse: 71.7411	mae: 4.4348	corr: -0.7537	rrse: 0.4555	r2: 0.8112	loss: 0.0451	minmax_loss: 0.0002	dynamic_loss: 0.0147	static_loss: 0.0157	final_loss: 0.0147	2024-07-31 11:27:50.316711
15	'valid'	Time:16.84	MetricT: 1.58	mse: 95.2926	mae: 4.9164	corr: -0.7511	rrse: 0.5129	r2: 0.7649	loss: 0.0597	minmax_loss: 0.0001	dynamic_loss: 0.0199	static_loss: 0.0203	final_loss: 0.0195	2024-07-31 11:28:08.741788
2024-07-31 11:28:08,742 - utilsd.earlystop - INFO - Earlystop patience 1 out of 30
Checkpoint saved to outputs/checkpoints/resume.pth forecaster.model.base
16	'train'	Time:74.68	MetricT: 6.52	mse: 70.9779	mae: 4.3710	corr: -0.7585	rrse: 0.4530	r2: 0.8132	loss: 0.0445	minmax_loss: 0.0001	dynamic_loss: 0.0145	static_loss: 0.0155	final_loss: 0.0145	2024-07-31 11:29:30.134141
16	'valid'	Time:19.85	MetricT: 2.18	mse: 94.7367	mae: 4.8412	corr: -0.7517	rrse: 0.5114	r2: 0.7663	loss: 0.0593	minmax_loss: 0.0001	dynamic_loss: 0.0199	static_loss: 0.0200	final_loss: 0.0194	2024-07-31 11:29:52.164847
2024-07-31 11:29:52,166 - utilsd.earlystop - INFO - Earlystop hit best record: 94.73665618896484
Checkpoint saved to outputs/checkpoints/resume.pth forecaster.model.base
17	'train'	Time:60.12	MetricT: 6.27	mse: 71.0521	mae: 4.3965	corr: -0.7560	rrse: 0.4533	r2: 0.8130	loss: 0.0445	minmax_loss: 0.0001	dynamic_loss: 0.0145	static_loss: 0.0155	final_loss: 0.0145	2024-07-31 11:30:59.005051
17	'valid'	Time:16.25	MetricT: 1.34	mse: 94.4151	mae: 4.9006	corr: -0.7515	rrse: 0.5105	r2: 0.7671	loss: 0.0592	minmax_loss: 0.0001	dynamic_loss: 0.0197	static_loss: 0.0201	final_loss: 0.0193	2024-07-31 11:31:16.597126
2024-07-31 11:31:16,598 - utilsd.earlystop - INFO - Earlystop hit best record: 94.4150619506836
Checkpoint saved to outputs/checkpoints/resume.pth forecaster.model.base
18	'train'	Time:60.56	MetricT: 5.55	mse: 70.5281	mae: 4.3622	corr: -0.7587	rrse: 0.4516	r2: 0.8144	loss: 0.0442	minmax_loss: 0.0001	dynamic_loss: 0.0144	static_loss: 0.0153	final_loss: 0.0144	2024-07-31 11:32:23.015415
18	'valid'	Time:18.87	MetricT: 2.13	mse: 94.1153	mae: 5.0283	corr: -0.7523	rrse: 0.5097	r2: 0.7678	loss: 0.0590	minmax_loss: 0.0001	dynamic_loss: 0.0197	static_loss: 0.0201	final_loss: 0.0193	2024-07-31 11:32:44.020396
2024-07-31 11:32:44,021 - utilsd.earlystop - INFO - Earlystop hit best record: 94.11534881591797
Checkpoint saved to outputs/checkpoints/resume.pth forecaster.model.base
19	'train'	Time:60.45	MetricT: 5.50	mse: 70.5673	mae: 4.3786	corr: -0.7580	rrse: 0.4517	r2: 0.8143	loss: 0.0442	minmax_loss: 0.0001	dynamic_loss: 0.0145	static_loss: 0.0153	final_loss: 0.0144	2024-07-31 11:33:50.419681
19	'valid'	Time:18.78	MetricT: 2.28	mse: 94.9429	mae: 4.7626	corr: -0.7528	rrse: 0.5120	r2: 0.7658	loss: 0.0596	minmax_loss: 0.0001	dynamic_loss: 0.0200	static_loss: 0.0202	final_loss: 0.0194	2024-07-31 11:34:11.487237
2024-07-31 11:34:11,489 - utilsd.earlystop - INFO - Earlystop patience 1 out of 30
Checkpoint saved to outputs/checkpoints/resume.pth forecaster.model.base
20	'train'	Time:65.70	MetricT: 5.80	mse: 70.6159	mae: 4.3720	corr: -0.7573	rrse: 0.4519	r2: 0.8141	loss: 0.0442	minmax_loss: 0.0001	dynamic_loss: 0.0145	static_loss: 0.0153	final_loss: 0.0144	2024-07-31 11:35:23.378670
20	'valid'	Time:17.88	MetricT: 2.15	mse: 94.9929	mae: 5.1942	corr: -0.7526	rrse: 0.5121	r2: 0.7657	loss: 0.0595	minmax_loss: 0.0001	dynamic_loss: 0.0199	static_loss: 0.0202	final_loss: 0.0194	2024-07-31 11:35:43.408611
2024-07-31 11:35:43,410 - utilsd.earlystop - INFO - Earlystop patience 2 out of 30
Checkpoint saved to outputs/checkpoints/resume.pth forecaster.model.base
21	'train'	Time:69.37	MetricT: 5.51	mse: 69.9819	mae: 4.3430	corr: -0.7606	rrse: 0.4499	r2: 0.8158	loss: 0.0439	minmax_loss: 0.0001	dynamic_loss: 0.0143	static_loss: 0.0152	final_loss: 0.0143	2024-07-31 11:36:58.512472
21	'valid'	Time:17.63	MetricT: 1.51	mse: 94.9077	mae: 5.0367	corr: -0.7555	rrse: 0.5119	r2: 0.7659	loss: 0.0595	minmax_loss: 0.0001	dynamic_loss: 0.0198	static_loss: 0.0202	final_loss: 0.0194	2024-07-31 11:37:17.656879
2024-07-31 11:37:17,658 - utilsd.earlystop - INFO - Earlystop patience 3 out of 30
Checkpoint saved to outputs/checkpoints/resume.pth forecaster.model.base
22	'train'	Time:59.40	MetricT: 5.59	mse: 69.7771	mae: 4.3214	corr: -0.7616	rrse: 0.4492	r2: 0.8163	loss: 0.0437	minmax_loss: 0.0001	dynamic_loss: 0.0143	static_loss: 0.0151	final_loss: 0.0143	2024-07-31 11:38:22.890592
22	'valid'	Time:17.82	MetricT: 1.35	mse: 94.2988	mae: 4.7768	corr: -0.7553	rrse: 0.5102	r2: 0.7674	loss: 0.0591	minmax_loss: 0.0001	dynamic_loss: 0.0199	static_loss: 0.0199	final_loss: 0.0193	2024-07-31 11:38:42.065406
2024-07-31 11:38:42,066 - utilsd.earlystop - INFO - Earlystop patience 4 out of 30
Checkpoint saved to outputs/checkpoints/resume.pth forecaster.model.base
23	'train'	Time:65.18	MetricT: 5.54	mse: 69.4985	mae: 4.2992	corr: -0.7641	rrse: 0.4483	r2: 0.8171	loss: 0.0436	minmax_loss: 0.0001	dynamic_loss: 0.0143	static_loss: 0.0150	final_loss: 0.0142	2024-07-31 11:39:53.034624
23	'valid'	Time:24.93	MetricT: 1.49	mse: 92.5946	mae: 5.0311	corr: -0.7557	rrse: 0.5056	r2: 0.7716	loss: 0.0582	minmax_loss: 0.0001	dynamic_loss: 0.0194	static_loss: 0.0199	final_loss: 0.0189	2024-07-31 11:40:19.457542
2024-07-31 11:40:19,458 - utilsd.earlystop - INFO - Earlystop hit best record: 92.59464263916016
Checkpoint saved to outputs/checkpoints/resume.pth forecaster.model.base
24	'train'	Time:70.09	MetricT: 6.45	mse: 69.8370	mae: 4.3387	corr: -0.7616	rrse: 0.4494	r2: 0.8162	loss: 0.0437	minmax_loss: 0.0001	dynamic_loss: 0.0144	static_loss: 0.0151	final_loss: 0.0143	2024-07-31 11:41:36.318235
24	'valid'	Time:18.85	MetricT: 2.08	mse: 95.5532	mae: 4.8266	corr: -0.7566	rrse: 0.5136	r2: 0.7643	loss: 0.0598	minmax_loss: 0.0001	dynamic_loss: 0.0198	static_loss: 0.0204	final_loss: 0.0195	2024-07-31 11:41:57.254547
2024-07-31 11:41:57,255 - utilsd.earlystop - INFO - Earlystop patience 1 out of 30
Checkpoint saved to outputs/checkpoints/resume.pth forecaster.model.base
25	'train'	Time:72.73	MetricT: 5.98	mse: 69.1382	mae: 4.2789	corr: -0.7643	rrse: 0.4471	r2: 0.8180	loss: 0.0433	minmax_loss: 0.0001	dynamic_loss: 0.0141	static_loss: 0.0150	final_loss: 0.0141	2024-07-31 11:43:16.161482
25	'valid'	Time:22.85	MetricT: 2.19	mse: 94.3809	mae: 5.1290	corr: -0.7531	rrse: 0.5104	r2: 0.7672	loss: 0.0592	minmax_loss: 0.0001	dynamic_loss: 0.0197	static_loss: 0.0202	final_loss: 0.0193	2024-07-31 11:43:41.200581
2024-07-31 11:43:41,202 - utilsd.earlystop - INFO - Earlystop patience 2 out of 30
Checkpoint saved to outputs/checkpoints/resume.pth forecaster.model.base
26	'train'	Time:64.77	MetricT: 5.97	mse: 69.0578	mae: 4.2853	corr: -0.7639	rrse: 0.4469	r2: 0.8182	loss: 0.0432	minmax_loss: 0.0001	dynamic_loss: 0.0141	static_loss: 0.0150	final_loss: 0.0141	2024-07-31 11:44:52.309291
26	'valid'	Time:18.41	MetricT: 1.38	mse: 93.4603	mae: 4.8607	corr: -0.7572	rrse: 0.5080	r2: 0.7694	loss: 0.0585	minmax_loss: 0.0001	dynamic_loss: 0.0195	static_loss: 0.0199	final_loss: 0.0191	2024-07-31 11:45:12.101962
2024-07-31 11:45:12,103 - utilsd.earlystop - INFO - Earlystop patience 3 out of 30
Checkpoint saved to outputs/checkpoints/resume.pth forecaster.model.base
27	'train'	Time:66.35	MetricT: 5.66	mse: 68.7277	mae: 4.2762	corr: -0.7646	rrse: 0.4458	r2: 0.8191	loss: 0.0430	minmax_loss: 0.0001	dynamic_loss: 0.0141	static_loss: 0.0149	final_loss: 0.0141	2024-07-31 11:46:24.324040
27	'valid'	Time:15.66	MetricT: 1.98	mse: 93.9661	mae: 4.8392	corr: -0.7560	rrse: 0.5093	r2: 0.7682	loss: 0.0588	minmax_loss: 0.0001	dynamic_loss: 0.0196	static_loss: 0.0199	final_loss: 0.0192	2024-07-31 11:46:41.965935
2024-07-31 11:46:41,966 - utilsd.earlystop - INFO - Earlystop patience 4 out of 30
Checkpoint saved to outputs/checkpoints/resume.pth forecaster.model.base
28	'train'	Time:75.02	MetricT: 6.40	mse: 68.6379	mae: 4.2636	corr: -0.7654	rrse: 0.4455	r2: 0.8193	loss: 0.0430	minmax_loss: 0.0001	dynamic_loss: 0.0141	static_loss: 0.0149	final_loss: 0.0140	2024-07-31 11:48:03.580825
28	'valid'	Time:20.15	MetricT: 1.59	mse: 93.4319	mae: 5.0488	corr: -0.7540	rrse: 0.5079	r2: 0.7695	loss: 0.0586	minmax_loss: 0.0001	dynamic_loss: 0.0195	static_loss: 0.0199	final_loss: 0.0191	2024-07-31 11:48:25.323125
2024-07-31 11:48:25,324 - utilsd.earlystop - INFO - Earlystop patience 5 out of 30
Checkpoint saved to outputs/checkpoints/resume.pth forecaster.model.base
29	'train'	Time:60.00	MetricT: 6.39	mse: 68.6353	mae: 4.2916	corr: -0.7644	rrse: 0.4455	r2: 0.8194	loss: 0.0430	minmax_loss: 0.0001	dynamic_loss: 0.0141	static_loss: 0.0149	final_loss: 0.0140	2024-07-31 11:49:31.883040
29	'valid'	Time:18.97	MetricT: 1.33	mse: 93.7065	mae: 4.7612	corr: -0.7553	rrse: 0.5086	r2: 0.7688	loss: 0.0588	minmax_loss: 0.0001	dynamic_loss: 0.0197	static_loss: 0.0200	final_loss: 0.0192	2024-07-31 11:49:52.191052
2024-07-31 11:49:52,192 - utilsd.earlystop - INFO - Earlystop patience 6 out of 30
Checkpoint saved to outputs/checkpoints/resume.pth forecaster.model.base
30	'train'	Time:71.41	MetricT: 5.52	mse: 68.2333	mae: 4.2598	corr: -0.7654	rrse: 0.4442	r2: 0.8204	loss: 0.0427	minmax_loss: 0.0001	dynamic_loss: 0.0140	static_loss: 0.0148	final_loss: 0.0140	2024-07-31 11:51:09.365575
30	'valid'	Time:14.13	MetricT: 2.05	mse: 93.5973	mae: 4.9433	corr: -0.7574	rrse: 0.5083	r2: 0.7691	loss: 0.0588	minmax_loss: 0.0001	dynamic_loss: 0.0197	static_loss: 0.0199	final_loss: 0.0191	2024-07-31 11:51:25.544658
2024-07-31 11:51:25,552 - utilsd.earlystop - INFO - Earlystop patience 7 out of 30
Checkpoint saved to outputs/checkpoints/resume.pth forecaster.model.base
31	'train'	Time:54.07	MetricT: 5.86	mse: 68.2064	mae: 4.2499	corr: -0.7660	rrse: 0.4441	r2: 0.8205	loss: 0.0427	minmax_loss: 0.0001	dynamic_loss: 0.0140	static_loss: 0.0147	final_loss: 0.0139	2024-07-31 11:52:25.683767
31	'valid'	Time:15.25	MetricT: 1.40	mse: 93.5156	mae: 4.7521	corr: -0.7552	rrse: 0.5081	r2: 0.7693	loss: 0.0587	minmax_loss: 0.0001	dynamic_loss: 0.0199	static_loss: 0.0197	final_loss: 0.0191	2024-07-31 11:52:42.340278
2024-07-31 11:52:42,341 - utilsd.earlystop - INFO - Earlystop patience 8 out of 30
Checkpoint saved to outputs/checkpoints/resume.pth forecaster.model.base
32	'train'	Time:64.60	MetricT: 5.98	mse: 67.9461	mae: 4.2431	corr: -0.7667	rrse: 0.4433	r2: 0.8212	loss: 0.0425	minmax_loss: 0.0001	dynamic_loss: 0.0139	static_loss: 0.0147	final_loss: 0.0139	2024-07-31 11:53:53.090734
32	'valid'	Time:16.46	MetricT: 2.17	mse: 92.5457	mae: 4.7668	corr: -0.7568	rrse: 0.5055	r2: 0.7717	loss: 0.0579	minmax_loss: 0.0001	dynamic_loss: 0.0195	static_loss: 0.0195	final_loss: 0.0189	2024-07-31 11:54:11.723028
2024-07-31 11:54:11,725 - utilsd.earlystop - INFO - Earlystop patience 9 out of 30
Checkpoint saved to outputs/checkpoints/resume.pth forecaster.model.base
33	'train'	Time:64.64	MetricT: 6.06	mse: 67.6812	mae: 4.2278	corr: -0.7681	rrse: 0.4424	r2: 0.8219	loss: 0.0423	minmax_loss: 0.0001	dynamic_loss: 0.0139	static_loss: 0.0146	final_loss: 0.0138	2024-07-31 11:55:22.601999
33	'valid'	Time:17.37	MetricT: 1.95	mse: 94.1806	mae: 5.0790	corr: -0.7540	rrse: 0.5099	r2: 0.7677	loss: 0.0589	minmax_loss: 0.0001	dynamic_loss: 0.0198	static_loss: 0.0199	final_loss: 0.0193	2024-07-31 11:55:41.929309
2024-07-31 11:55:41,936 - utilsd.earlystop - INFO - Earlystop patience 10 out of 30
Checkpoint saved to outputs/checkpoints/resume.pth forecaster.model.base
34	'train'	Time:61.58	MetricT: 5.76	mse: 67.3101	mae: 4.2112	corr: -0.7686	rrse: 0.4412	r2: 0.8228	loss: 0.0421	minmax_loss: 0.0001	dynamic_loss: 0.0138	static_loss: 0.0145	final_loss: 0.0138	2024-07-31 11:56:49.519948
34	'valid'	Time:18.94	MetricT: 1.88	mse: 93.1998	mae: 4.8030	corr: -0.7550	rrse: 0.5072	r2: 0.7701	loss: 0.0583	minmax_loss: 0.0001	dynamic_loss: 0.0197	static_loss: 0.0196	final_loss: 0.0191	2024-07-31 11:57:10.347025
2024-07-31 11:57:10,348 - utilsd.earlystop - INFO - Earlystop patience 11 out of 30
Checkpoint saved to outputs/checkpoints/resume.pth forecaster.model.base
35	'train'	Time:61.46	MetricT: 6.48	mse: 67.3610	mae: 4.2274	corr: -0.7680	rrse: 0.4414	r2: 0.8227	loss: 0.0421	minmax_loss: 0.0001	dynamic_loss: 0.0139	static_loss: 0.0144	final_loss: 0.0138	2024-07-31 11:58:18.490918
35	'valid'	Time:15.88	MetricT: 1.33	mse: 93.9042	mae: 5.1015	corr: -0.7561	rrse: 0.5092	r2: 0.7683	loss: 0.0588	minmax_loss: 0.0001	dynamic_loss: 0.0197	static_loss: 0.0200	final_loss: 0.0192	2024-07-31 11:58:35.705601
2024-07-31 11:58:35,706 - utilsd.earlystop - INFO - Earlystop patience 12 out of 30
Checkpoint saved to outputs/checkpoints/resume.pth forecaster.model.base
36	'train'	Time:71.91	MetricT: 5.60	mse: 67.3126	mae: 4.2262	corr: -0.7676	rrse: 0.4412	r2: 0.8228	loss: 0.0421	minmax_loss: 0.0001	dynamic_loss: 0.0138	static_loss: 0.0144	final_loss: 0.0138	2024-07-31 11:59:53.440519
36	'valid'	Time:20.56	MetricT: 1.85	mse: 95.2349	mae: 5.2991	corr: -0.7556	rrse: 0.5128	r2: 0.7651	loss: 0.0595	minmax_loss: 0.0001	dynamic_loss: 0.0198	static_loss: 0.0202	final_loss: 0.0195	2024-07-31 12:00:15.864447
2024-07-31 12:00:15,865 - utilsd.earlystop - INFO - Earlystop patience 13 out of 30
Checkpoint saved to outputs/checkpoints/resume.pth forecaster.model.base
37	'train'	Time:61.16	MetricT: 7.09	mse: 67.0493	mae: 4.2314	corr: -0.7672	rrse: 0.4403	r2: 0.8235	loss: 0.0419	minmax_loss: 0.0001	dynamic_loss: 0.0138	static_loss: 0.0144	final_loss: 0.0137	2024-07-31 12:01:24.330366
37	'valid'	Time:19.16	MetricT: 1.52	mse: 92.6287	mae: 4.6918	corr: -0.7578	rrse: 0.5057	r2: 0.7715	loss: 0.0580	minmax_loss: 0.0001	dynamic_loss: 0.0197	static_loss: 0.0194	final_loss: 0.0189	2024-07-31 12:01:45.018348
2024-07-31 12:01:45,019 - utilsd.earlystop - INFO - Earlystop patience 14 out of 30
Checkpoint saved to outputs/checkpoints/resume.pth forecaster.model.base
38	'train'	Time:62.02	MetricT: 6.37	mse: 66.7244	mae: 4.1911	corr: -0.7692	rrse: 0.4393	r2: 0.8244	loss: 0.0417	minmax_loss: 0.0001	dynamic_loss: 0.0138	static_loss: 0.0143	final_loss: 0.0136	2024-07-31 12:02:53.642067
38	'valid'	Time:16.68	MetricT: 2.30	mse: 92.8224	mae: 4.9892	corr: -0.7537	rrse: 0.5062	r2: 0.7710	loss: 0.0584	minmax_loss: 0.0001	dynamic_loss: 0.0198	static_loss: 0.0196	final_loss: 0.0190	2024-07-31 12:03:12.619683
2024-07-31 12:03:12,621 - utilsd.earlystop - INFO - Earlystop patience 15 out of 30
Checkpoint saved to outputs/checkpoints/resume.pth forecaster.model.base
39	'train'	Time:58.53	MetricT: 5.55	mse: 66.9548	mae: 4.2349	corr: -0.7671	rrse: 0.4400	r2: 0.8238	loss: 0.0419	minmax_loss: 0.0001	dynamic_loss: 0.0139	static_loss: 0.0143	final_loss: 0.0137	2024-07-31 12:04:17.004798
39	'valid'	Time:18.05	MetricT: 1.35	mse: 94.2433	mae: 4.7447	corr: -0.7581	rrse: 0.5101	r2: 0.7675	loss: 0.0589	minmax_loss: 0.0001	dynamic_loss: 0.0200	static_loss: 0.0197	final_loss: 0.0193	2024-07-31 12:04:36.409967
2024-07-31 12:04:36,411 - utilsd.earlystop - INFO - Earlystop patience 16 out of 30
Checkpoint saved to outputs/checkpoints/resume.pth forecaster.model.base
40	'train'	Time:65.37	MetricT: 5.59	mse: 66.5030	mae: 4.2013	corr: -0.7687	rrse: 0.4385	r2: 0.8250	loss: 0.0415	minmax_loss: 0.0001	dynamic_loss: 0.0137	static_loss: 0.0142	final_loss: 0.0136	2024-07-31 12:05:47.615317
40	'valid'	Time:19.84	MetricT: 1.45	mse: 92.2881	mae: 4.7080	corr: -0.7569	rrse: 0.5048	r2: 0.7723	loss: 0.0577	minmax_loss: 0.0001	dynamic_loss: 0.0195	static_loss: 0.0194	final_loss: 0.0189	2024-07-31 12:06:08.918918
2024-07-31 12:06:08,919 - utilsd.earlystop - INFO - Earlystop hit best record: 92.28805541992188
Checkpoint saved to outputs/checkpoints/resume.pth forecaster.model.base
41	'train'	Time:59.35	MetricT: 5.51	mse: 66.3529	mae: 4.1914	corr: -0.7684	rrse: 0.4380	r2: 0.8254	loss: 0.0415	minmax_loss: 0.0001	dynamic_loss: 0.0138	static_loss: 0.0141	final_loss: 0.0136	2024-07-31 12:07:14.095859
41	'valid'	Time:17.29	MetricT: 2.17	mse: 92.3711	mae: 4.7195	corr: -0.7568	rrse: 0.5050	r2: 0.7721	loss: 0.0578	minmax_loss: 0.0001	dynamic_loss: 0.0196	static_loss: 0.0193	final_loss: 0.0189	2024-07-31 12:07:33.557195
2024-07-31 12:07:33,558 - utilsd.earlystop - INFO - Earlystop patience 1 out of 30
Checkpoint saved to outputs/checkpoints/resume.pth forecaster.model.base
42	'train'	Time:52.75	MetricT: 5.55	mse: 66.0083	mae: 4.1683	corr: -0.7717	rrse: 0.4369	r2: 0.8263	loss: 0.0412	minmax_loss: 0.0001	dynamic_loss: 0.0137	static_loss: 0.0141	final_loss: 0.0135	2024-07-31 12:08:32.173335
42	'valid'	Time:18.93	MetricT: 1.38	mse: 94.1668	mae: 4.7720	corr: -0.7531	rrse: 0.5099	r2: 0.7677	loss: 0.0590	minmax_loss: 0.0001	dynamic_loss: 0.0201	static_loss: 0.0196	final_loss: 0.0193	2024-07-31 12:08:52.481913
2024-07-31 12:08:52,483 - utilsd.earlystop - INFO - Earlystop patience 2 out of 30
Checkpoint saved to outputs/checkpoints/resume.pth forecaster.model.base
43	'train'	Time:58.77	MetricT: 6.52	mse: 65.8127	mae: 4.1712	corr: -0.7704	rrse: 0.4362	r2: 0.8268	loss: 0.0411	minmax_loss: 0.0001	dynamic_loss: 0.0137	static_loss: 0.0140	final_loss: 0.0135	2024-07-31 12:09:57.978373
43	'valid'	Time:17.42	MetricT: 1.38	mse: 91.9903	mae: 4.8032	corr: -0.7572	rrse: 0.5039	r2: 0.7731	loss: 0.0577	minmax_loss: 0.0001	dynamic_loss: 0.0196	static_loss: 0.0193	final_loss: 0.0188	2024-07-31 12:10:16.779129
2024-07-31 12:10:16,780 - utilsd.earlystop - INFO - Earlystop hit best record: 91.99031829833984
Checkpoint saved to outputs/checkpoints/resume.pth forecaster.model.base
44	'train'	Time:67.27	MetricT: 5.55	mse: 65.6723	mae: 4.1614	corr: -0.7710	rrse: 0.4358	r2: 0.8272	loss: 0.0410	minmax_loss: 0.0001	dynamic_loss: 0.0136	static_loss: 0.0140	final_loss: 0.0134	2024-07-31 12:11:29.852065
44	'valid'	Time:17.75	MetricT: 1.53	mse: 92.8351	mae: 5.0818	corr: -0.7534	rrse: 0.5063	r2: 0.7710	loss: 0.0582	minmax_loss: 0.0001	dynamic_loss: 0.0196	static_loss: 0.0196	final_loss: 0.0190	2024-07-31 12:11:49.128225
2024-07-31 12:11:49,129 - utilsd.earlystop - INFO - Earlystop patience 1 out of 30
Checkpoint saved to outputs/checkpoints/resume.pth forecaster.model.base
45	'train'	Time:54.03	MetricT: 6.29	mse: 65.3638	mae: 4.1539	corr: -0.7717	rrse: 0.4348	r2: 0.8280	loss: 0.0409	minmax_loss: 0.0001	dynamic_loss: 0.0136	static_loss: 0.0139	final_loss: 0.0134	2024-07-31 12:12:49.642088
45	'valid'	Time:17.45	MetricT: 2.02	mse: 91.9160	mae: 4.7617	corr: -0.7582	rrse: 0.5037	r2: 0.7732	loss: 0.0577	minmax_loss: 0.0001	dynamic_loss: 0.0197	static_loss: 0.0191	final_loss: 0.0188	2024-07-31 12:13:09.117260
2024-07-31 12:13:09,119 - utilsd.earlystop - INFO - Earlystop patience 2 out of 30
Checkpoint saved to outputs/checkpoints/resume.pth forecaster.model.base
46	'train'	Time:74.27	MetricT: 5.88	mse: 65.1218	mae: 4.1551	corr: -0.7719	rrse: 0.4340	r2: 0.8286	loss: 0.0407	minmax_loss: 0.0001	dynamic_loss: 0.0135	static_loss: 0.0139	final_loss: 0.0133	2024-07-31 12:14:29.434214
46	'valid'	Time:17.71	MetricT: 1.48	mse: 93.6700	mae: 4.7978	corr: -0.7547	rrse: 0.5085	r2: 0.7689	loss: 0.0588	minmax_loss: 0.0001	dynamic_loss: 0.0200	static_loss: 0.0196	final_loss: 0.0192	2024-07-31 12:14:48.628690
2024-07-31 12:14:48,630 - utilsd.earlystop - INFO - Earlystop patience 3 out of 30
Checkpoint saved to outputs/checkpoints/resume.pth forecaster.model.base
47	'train'	Time:77.92	MetricT: 6.42	mse: 65.2219	mae: 4.1769	corr: -0.7698	rrse: 0.4343	r2: 0.8283	loss: 0.0408	minmax_loss: 0.0001	dynamic_loss: 0.0136	static_loss: 0.0139	final_loss: 0.0133	2024-07-31 12:16:13.145903
47	'valid'	Time:20.19	MetricT: 1.39	mse: 91.6923	mae: 4.7403	corr: -0.7563	rrse: 0.5031	r2: 0.7738	loss: 0.0576	minmax_loss: 0.0001	dynamic_loss: 0.0195	static_loss: 0.0193	final_loss: 0.0188	2024-07-31 12:16:34.725853
2024-07-31 12:16:34,727 - utilsd.earlystop - INFO - Earlystop hit best record: 91.69226837158203
Checkpoint saved to outputs/checkpoints/resume.pth forecaster.model.base
48	'train'	Time:74.47	MetricT: 5.51	mse: 64.5528	mae: 4.1237	corr: -0.7731	rrse: 0.4321	r2: 0.8301	loss: 0.0404	minmax_loss: 0.0001	dynamic_loss: 0.0134	static_loss: 0.0138	final_loss: 0.0132	2024-07-31 12:17:54.948503
48	'valid'	Time:19.81	MetricT: 1.35	mse: 93.2358	mae: 5.1301	corr: -0.7579	rrse: 0.5073	r2: 0.7700	loss: 0.0586	minmax_loss: 0.0001	dynamic_loss: 0.0199	static_loss: 0.0196	final_loss: 0.0191	2024-07-31 12:18:16.109771
2024-07-31 12:18:16,111 - utilsd.earlystop - INFO - Earlystop patience 1 out of 30
Checkpoint saved to outputs/checkpoints/resume.pth forecaster.model.base
49	'train'	Time:64.00	MetricT: 5.66	mse: 64.5848	mae: 4.1599	corr: -0.7711	rrse: 0.4322	r2: 0.8300	loss: 0.0405	minmax_loss: 0.0001	dynamic_loss: 0.0135	static_loss: 0.0138	final_loss: 0.0132	2024-07-31 12:19:26.082802
49	'valid'	Time:15.19	MetricT: 1.35	mse: 91.4445	mae: 4.7861	corr: -0.7529	rrse: 0.5024	r2: 0.7744	loss: 0.0574	minmax_loss: 0.0001	dynamic_loss: 0.0195	static_loss: 0.0192	final_loss: 0.0187	2024-07-31 12:19:42.619027
2024-07-31 12:19:42,620 - utilsd.earlystop - INFO - Earlystop hit best record: 91.44453430175781
Checkpoint saved to outputs/checkpoints/resume.pth forecaster.model.base
50	'train'	Time:64.24	MetricT: 5.57	mse: 64.5690	mae: 4.1507	corr: -0.7711	rrse: 0.4321	r2: 0.8301	loss: 0.0405	minmax_loss: 0.0001	dynamic_loss: 0.0135	static_loss: 0.0138	final_loss: 0.0132	2024-07-31 12:20:52.679270
50	'valid'	Time:14.43	MetricT: 1.48	mse: 92.2585	mae: 4.7743	corr: -0.7499	rrse: 0.5047	r2: 0.7724	loss: 0.0580	minmax_loss: 0.0001	dynamic_loss: 0.0197	static_loss: 0.0194	final_loss: 0.0189	2024-07-31 12:21:08.590070
2024-07-31 12:21:08,591 - utilsd.earlystop - INFO - Earlystop patience 1 out of 30
Checkpoint saved to outputs/checkpoints/resume.pth forecaster.model.base
51	'train'	Time:53.83	MetricT: 6.26	mse: 64.0218	mae: 4.1173	corr: -0.7733	rrse: 0.4303	r2: 0.8315	loss: 0.0401	minmax_loss: 0.0001	dynamic_loss: 0.0133	static_loss: 0.0137	final_loss: 0.0131	2024-07-31 12:22:08.870553
51	'valid'	Time:16.13	MetricT: 1.40	mse: 91.5204	mae: 4.7918	corr: -0.7549	rrse: 0.5027	r2: 0.7742	loss: 0.0575	minmax_loss: 0.0001	dynamic_loss: 0.0194	static_loss: 0.0193	final_loss: 0.0187	2024-07-31 12:22:26.398351
2024-07-31 12:22:26,399 - utilsd.earlystop - INFO - Earlystop patience 2 out of 30
Checkpoint saved to outputs/checkpoints/resume.pth forecaster.model.base
52	'train'	Time:65.20	MetricT: 5.49	mse: 63.9253	mae: 4.1315	corr: -0.7734	rrse: 0.4299	r2: 0.8317	loss: 0.0401	minmax_loss: 0.0001	dynamic_loss: 0.0133	static_loss: 0.0137	final_loss: 0.0131	2024-07-31 12:23:37.276386
52	'valid'	Time:11.58	MetricT: 1.35	mse: 91.9469	mae: 4.7671	corr: -0.7476	rrse: 0.5038	r2: 0.7732	loss: 0.0580	minmax_loss: 0.0001	dynamic_loss: 0.0197	static_loss: 0.0194	final_loss: 0.0188	2024-07-31 12:23:50.213401
2024-07-31 12:23:50,215 - utilsd.earlystop - INFO - Earlystop patience 3 out of 30
Checkpoint saved to outputs/checkpoints/resume.pth forecaster.model.base
53	'train'	Time:64.17	MetricT: 6.53	mse: 63.8261	mae: 4.1138	corr: -0.7728	rrse: 0.4296	r2: 0.8320	loss: 0.0400	minmax_loss: 0.0001	dynamic_loss: 0.0133	static_loss: 0.0136	final_loss: 0.0131	2024-07-31 12:25:01.114014
53	'valid'	Time:18.59	MetricT: 1.53	mse: 96.5043	mae: 5.6629	corr: -0.7467	rrse: 0.5162	r2: 0.7619	loss: 0.0607	minmax_loss: 0.0001	dynamic_loss: 0.0205	static_loss: 0.0204	final_loss: 0.0197	2024-07-31 12:25:21.237472
2024-07-31 12:25:21,239 - utilsd.earlystop - INFO - Earlystop patience 4 out of 30
Checkpoint saved to outputs/checkpoints/resume.pth forecaster.model.base
54	'train'	Time:72.47	MetricT: 6.57	mse: 63.6712	mae: 4.1489	corr: -0.7711	rrse: 0.4291	r2: 0.8324	loss: 0.0400	minmax_loss: 0.0001	dynamic_loss: 0.0133	static_loss: 0.0136	final_loss: 0.0130	2024-07-31 12:26:40.517113
54	'valid'	Time:17.92	MetricT: 1.44	mse: 94.1592	mae: 5.3432	corr: -0.7551	rrse: 0.5098	r2: 0.7677	loss: 0.0597	minmax_loss: 0.0001	dynamic_loss: 0.0208	static_loss: 0.0197	final_loss: 0.0193	2024-07-31 12:26:59.878015
2024-07-31 12:26:59,879 - utilsd.earlystop - INFO - Earlystop patience 5 out of 30
Checkpoint saved to outputs/checkpoints/resume.pth forecaster.model.base
55	'train'	Time:65.06	MetricT: 6.17	mse: 63.4197	mae: 4.1323	corr: -0.7726	rrse: 0.4282	r2: 0.8331	loss: 0.0398	minmax_loss: 0.0001	dynamic_loss: 0.0133	static_loss: 0.0135	final_loss: 0.0130	2024-07-31 12:28:11.285128
55	'valid'	Time:12.89	MetricT: 1.38	mse: 94.4379	mae: 4.8528	corr: -0.7507	rrse: 0.5106	r2: 0.7670	loss: 0.0597	minmax_loss: 0.0001	dynamic_loss: 0.0204	static_loss: 0.0199	final_loss: 0.0193	2024-07-31 12:28:25.560335
2024-07-31 12:28:25,561 - utilsd.earlystop - INFO - Earlystop patience 6 out of 30
Checkpoint saved to outputs/checkpoints/resume.pth forecaster.model.base
56	'train'	Time:65.27	MetricT: 7.65	mse: 63.2026	mae: 4.1212	corr: -0.7721	rrse: 0.4275	r2: 0.8337	loss: 0.0397	minmax_loss: 0.0001	dynamic_loss: 0.0132	static_loss: 0.0136	final_loss: 0.0129	2024-07-31 12:29:38.661897
56	'valid'	Time:13.43	MetricT: 2.11	mse: 91.7071	mae: 4.8671	corr: -0.7514	rrse: 0.5032	r2: 0.7738	loss: 0.0579	minmax_loss: 0.0001	dynamic_loss: 0.0198	static_loss: 0.0193	final_loss: 0.0188	2024-07-31 12:29:54.195307
2024-07-31 12:29:54,196 - utilsd.earlystop - INFO - Earlystop patience 7 out of 30
Checkpoint saved to outputs/checkpoints/resume.pth forecaster.model.base
57	'train'	Time:66.51	MetricT: 5.47	mse: 62.5361	mae: 4.0813	corr: -0.7748	rrse: 0.4253	r2: 0.8354	loss: 0.0393	minmax_loss: 0.0001	dynamic_loss: 0.0131	static_loss: 0.0134	final_loss: 0.0128	2024-07-31 12:31:06.360708
57	'valid'	Time:17.81	MetricT: 1.36	mse: 93.3356	mae: 4.9498	corr: -0.7535	rrse: 0.5076	r2: 0.7697	loss: 0.0588	minmax_loss: 0.0001	dynamic_loss: 0.0199	static_loss: 0.0198	final_loss: 0.0191	2024-07-31 12:31:25.530577
2024-07-31 12:31:25,532 - utilsd.earlystop - INFO - Earlystop patience 8 out of 30
Checkpoint saved to outputs/checkpoints/resume.pth forecaster.model.base
58	'train'	Time:70.82	MetricT: 5.67	mse: 62.2840	mae: 4.0827	corr: -0.7747	rrse: 0.4244	r2: 0.8361	loss: 0.0392	minmax_loss: 0.0001	dynamic_loss: 0.0130	static_loss: 0.0134	final_loss: 0.0127	2024-07-31 12:32:42.198904
58	'valid'	Time:16.52	MetricT: 1.35	mse: 93.4975	mae: 4.8308	corr: -0.7552	rrse: 0.5081	r2: 0.7693	loss: 0.0591	minmax_loss: 0.0001	dynamic_loss: 0.0204	static_loss: 0.0195	final_loss: 0.0191	2024-07-31 12:33:00.069599
2024-07-31 12:33:00,071 - utilsd.earlystop - INFO - Earlystop patience 9 out of 30
Checkpoint saved to outputs/checkpoints/resume.pth forecaster.model.base
59	'train'	Time:62.12	MetricT: 5.44	mse: 62.4375	mae: 4.0909	corr: -0.7746	rrse: 0.4249	r2: 0.8357	loss: 0.0393	minmax_loss: 0.0001	dynamic_loss: 0.0131	static_loss: 0.0135	final_loss: 0.0128	2024-07-31 12:34:07.799774
59	'valid'	Time:17.60	MetricT: 1.33	mse: 92.3916	mae: 4.8292	corr: -0.7531	rrse: 0.5050	r2: 0.7721	loss: 0.0584	minmax_loss: 0.0001	dynamic_loss: 0.0200	static_loss: 0.0195	final_loss: 0.0189	2024-07-31 12:34:26.737128
2024-07-31 12:34:26,738 - utilsd.earlystop - INFO - Earlystop patience 10 out of 30
Checkpoint saved to outputs/checkpoints/resume.pth forecaster.model.base
60	'train'	Time:71.67	MetricT: 5.46	mse: 61.9907	mae: 4.0745	corr: -0.7754	rrse: 0.4234	r2: 0.8368	loss: 0.0390	minmax_loss: 0.0001	dynamic_loss: 0.0130	static_loss: 0.0133	final_loss: 0.0127	2024-07-31 12:35:44.067354
60	'valid'	Time:14.74	MetricT: 1.35	mse: 96.3887	mae: 5.0411	corr: -0.7481	rrse: 0.5158	r2: 0.7622	loss: 0.0611	minmax_loss: 0.0001	dynamic_loss: 0.0207	static_loss: 0.0207	final_loss: 0.0197	2024-07-31 12:36:00.155020
2024-07-31 12:36:00,156 - utilsd.earlystop - INFO - Earlystop patience 11 out of 30
Checkpoint saved to outputs/checkpoints/resume.pth forecaster.model.base
61	'train'	Time:70.52	MetricT: 6.29	mse: 61.6980	mae: 4.0607	corr: -0.7757	rrse: 0.4224	r2: 0.8376	loss: 0.0389	minmax_loss: 0.0001	dynamic_loss: 0.0130	static_loss: 0.0133	final_loss: 0.0126	2024-07-31 12:37:17.140918
61	'valid'	Time:15.25	MetricT: 1.95	mse: 93.4465	mae: 4.9338	corr: -0.7527	rrse: 0.5079	r2: 0.7695	loss: 0.0592	minmax_loss: 0.0001	dynamic_loss: 0.0205	static_loss: 0.0196	final_loss: 0.0191	2024-07-31 12:37:34.344880
2024-07-31 12:37:34,346 - utilsd.earlystop - INFO - Earlystop patience 12 out of 30
Checkpoint saved to outputs/checkpoints/resume.pth forecaster.model.base
62	'train'	Time:66.80	MetricT: 5.47	mse: 61.4080	mae: 4.0743	corr: -0.7754	rrse: 0.4214	r2: 0.8384	loss: 0.0388	minmax_loss: 0.0001	dynamic_loss: 0.0129	static_loss: 0.0133	final_loss: 0.0126	2024-07-31 12:38:46.970577
62	'valid'	Time:18.55	MetricT: 1.99	mse: 92.2688	mae: 4.8069	corr: -0.7525	rrse: 0.5047	r2: 0.7724	loss: 0.0584	minmax_loss: 0.0001	dynamic_loss: 0.0200	static_loss: 0.0195	final_loss: 0.0189	2024-07-31 12:39:07.518009
2024-07-31 12:39:07,519 - utilsd.earlystop - INFO - Earlystop patience 13 out of 30
Checkpoint saved to outputs/checkpoints/resume.pth forecaster.model.base
63	'train'	Time:61.39	MetricT: 5.63	mse: 61.3978	mae: 4.0802	corr: -0.7746	rrse: 0.4214	r2: 0.8384	loss: 0.0388	minmax_loss: 0.0001	dynamic_loss: 0.0129	static_loss: 0.0133	final_loss: 0.0126	2024-07-31 12:40:14.749307
63	'valid'	Time:16.48	MetricT: 2.20	mse: 92.4655	mae: 4.8732	corr: -0.7486	rrse: 0.5052	r2: 0.7719	loss: 0.0587	minmax_loss: 0.0001	dynamic_loss: 0.0200	static_loss: 0.0198	final_loss: 0.0189	2024-07-31 12:40:33.428944
2024-07-31 12:40:33,430 - utilsd.earlystop - INFO - Earlystop patience 14 out of 30
Checkpoint saved to outputs/checkpoints/resume.pth forecaster.model.base
64	'train'	Time:55.36	MetricT: 6.21	mse: 61.1913	mae: 4.0642	corr: -0.7755	rrse: 0.4207	r2: 0.8389	loss: 0.0386	minmax_loss: 0.0001	dynamic_loss: 0.0129	static_loss: 0.0132	final_loss: 0.0125	2024-07-31 12:41:35.351005
64	'valid'	Time:11.44	MetricT: 1.65	mse: 94.7115	mae: 5.1517	corr: -0.7443	rrse: 0.5113	r2: 0.7663	loss: 0.0601	minmax_loss: 0.0001	dynamic_loss: 0.0207	static_loss: 0.0201	final_loss: 0.0194	2024-07-31 12:41:48.443998
2024-07-31 12:41:48,445 - utilsd.earlystop - INFO - Earlystop patience 15 out of 30
Checkpoint saved to outputs/checkpoints/resume.pth forecaster.model.base
65	'train'	Time:55.83	MetricT: 5.46	mse: 61.0411	mae: 4.0677	corr: -0.7749	rrse: 0.4201	r2: 0.8393	loss: 0.0386	minmax_loss: 0.0001	dynamic_loss: 0.0129	static_loss: 0.0132	final_loss: 0.0125	2024-07-31 12:42:49.986652
65	'valid'	Time:19.11	MetricT: 1.36	mse: 93.2571	mae: 4.9170	corr: -0.7490	rrse: 0.5074	r2: 0.7699	loss: 0.0593	minmax_loss: 0.0001	dynamic_loss: 0.0203	static_loss: 0.0199	final_loss: 0.0191	2024-07-31 12:43:10.459152
2024-07-31 12:43:10,460 - utilsd.earlystop - INFO - Earlystop patience 16 out of 30
Checkpoint saved to outputs/checkpoints/resume.pth forecaster.model.base
66	'train'	Time:61.99	MetricT: 6.66	mse: 60.6773	mae: 4.0561	corr: -0.7759	rrse: 0.4189	r2: 0.8403	loss: 0.0384	minmax_loss: 0.0001	dynamic_loss: 0.0128	static_loss: 0.0132	final_loss: 0.0124	2024-07-31 12:44:19.341777
66	'valid'	Time:11.96	MetricT: 2.01	mse: 93.0627	mae: 4.8579	corr: -0.7553	rrse: 0.5069	r2: 0.7704	loss: 0.0589	minmax_loss: 0.0001	dynamic_loss: 0.0203	static_loss: 0.0196	final_loss: 0.0190	2024-07-31 12:44:33.322527
2024-07-31 12:44:33,324 - utilsd.earlystop - INFO - Earlystop patience 17 out of 30
Checkpoint saved to outputs/checkpoints/resume.pth forecaster.model.base
67	'train'	Time:63.71	MetricT: 5.82	mse: 60.2552	mae: 4.0334	corr: -0.7780	rrse: 0.4174	r2: 0.8414	loss: 0.0381	minmax_loss: 0.0001	dynamic_loss: 0.0127	static_loss: 0.0131	final_loss: 0.0123	2024-07-31 12:45:43.081610
67	'valid'	Time:17.44	MetricT: 1.32	mse: 93.3820	mae: 5.2075	corr: -0.7495	rrse: 0.5077	r2: 0.7696	loss: 0.0593	minmax_loss: 0.0001	dynamic_loss: 0.0203	static_loss: 0.0199	final_loss: 0.0191	2024-07-31 12:46:01.854806
2024-07-31 12:46:01,856 - utilsd.earlystop - INFO - Earlystop patience 18 out of 30
Checkpoint saved to outputs/checkpoints/resume.pth forecaster.model.base
68	'train'	Time:65.30	MetricT: 6.54	mse: 60.4224	mae: 4.0651	corr: -0.7750	rrse: 0.4180	r2: 0.8410	loss: 0.0382	minmax_loss: 0.0001	dynamic_loss: 0.0127	static_loss: 0.0131	final_loss: 0.0124	2024-07-31 12:47:13.936620
68	'valid'	Time:18.09	MetricT: 1.57	mse: 93.2813	mae: 4.8905	corr: -0.7460	rrse: 0.5075	r2: 0.7699	loss: 0.0594	minmax_loss: 0.0001	dynamic_loss: 0.0204	static_loss: 0.0199	final_loss: 0.0191	2024-07-31 12:47:33.596874
2024-07-31 12:47:33,597 - utilsd.earlystop - INFO - Earlystop patience 19 out of 30
Checkpoint saved to outputs/checkpoints/resume.pth forecaster.model.base
69	'train'	Time:58.96	MetricT: 5.64	mse: 59.9547	mae: 4.0247	corr: -0.7780	rrse: 0.4164	r2: 0.8422	loss: 0.0379	minmax_loss: 0.0001	dynamic_loss: 0.0126	static_loss: 0.0131	final_loss: 0.0123	2024-07-31 12:48:38.423869
69	'valid'	Time:14.92	MetricT: 1.34	mse: 95.2934	mae: 4.9809	corr: -0.7453	rrse: 0.5129	r2: 0.7649	loss: 0.0607	minmax_loss: 0.0001	dynamic_loss: 0.0212	static_loss: 0.0200	final_loss: 0.0195	2024-07-31 12:48:54.687106
2024-07-31 12:48:54,688 - utilsd.earlystop - INFO - Earlystop patience 20 out of 30
Checkpoint saved to outputs/checkpoints/resume.pth forecaster.model.base
70	'train'	Time:54.44	MetricT: 6.31	mse: 59.7641	mae: 4.0401	corr: -0.7772	rrse: 0.4157	r2: 0.8427	loss: 0.0379	minmax_loss: 0.0001	dynamic_loss: 0.0126	static_loss: 0.0130	final_loss: 0.0122	2024-07-31 12:49:55.688499
70	'valid'	Time:17.75	MetricT: 1.33	mse: 92.7964	mae: 4.8642	corr: -0.7450	rrse: 0.5061	r2: 0.7711	loss: 0.0592	minmax_loss: 0.0001	dynamic_loss: 0.0205	static_loss: 0.0197	final_loss: 0.0190	2024-07-31 12:50:14.771804
2024-07-31 12:50:14,773 - utilsd.earlystop - INFO - Earlystop patience 21 out of 30
Checkpoint saved to outputs/checkpoints/resume.pth forecaster.model.base
71	'train'	Time:62.14	MetricT: 6.29	mse: 59.6217	mae: 4.0328	corr: -0.7766	rrse: 0.4152	r2: 0.8431	loss: 0.0378	minmax_loss: 0.0001	dynamic_loss: 0.0126	static_loss: 0.0130	final_loss: 0.0122	2024-07-31 12:51:23.423897
71	'valid'	Time:17.64	MetricT: 1.37	mse: 93.8495	mae: 4.9784	corr: -0.7445	rrse: 0.5090	r2: 0.7685	loss: 0.0599	minmax_loss: 0.0001	dynamic_loss: 0.0208	static_loss: 0.0199	final_loss: 0.0192	2024-07-31 12:51:42.439414
2024-07-31 12:51:42,440 - utilsd.earlystop - INFO - Earlystop patience 22 out of 30
Checkpoint saved to outputs/checkpoints/resume.pth forecaster.model.base
72	'train'	Time:66.82	MetricT: 5.48	mse: 59.3738	mae: 4.0277	corr: -0.7774	rrse: 0.4144	r2: 0.8437	loss: 0.0377	minmax_loss: 0.0001	dynamic_loss: 0.0126	static_loss: 0.0130	final_loss: 0.0121	2024-07-31 12:52:54.990685
72	'valid'	Time:13.30	MetricT: 2.18	mse: 93.8757	mae: 4.9025	corr: -0.7427	rrse: 0.5091	r2: 0.7684	loss: 0.0600	minmax_loss: 0.0001	dynamic_loss: 0.0206	static_loss: 0.0202	final_loss: 0.0192	2024-07-31 12:53:10.475339
2024-07-31 12:53:10,476 - utilsd.earlystop - INFO - Earlystop patience 23 out of 30
Checkpoint saved to outputs/checkpoints/resume.pth forecaster.model.base
73	'train'	Time:56.03	MetricT: 5.88	mse: 59.2493	mae: 4.0363	corr: -0.7772	rrse: 0.4139	r2: 0.8441	loss: 0.0376	minmax_loss: 0.0001	dynamic_loss: 0.0125	static_loss: 0.0130	final_loss: 0.0121	2024-07-31 12:54:12.681998
73	'valid'	Time:15.18	MetricT: 1.35	mse: 92.8040	mae: 4.8965	corr: -0.7514	rrse: 0.5062	r2: 0.7711	loss: 0.0592	minmax_loss: 0.0001	dynamic_loss: 0.0204	static_loss: 0.0198	final_loss: 0.0190	2024-07-31 12:54:29.217339
2024-07-31 12:54:29,218 - utilsd.earlystop - INFO - Earlystop patience 24 out of 30
Checkpoint saved to outputs/checkpoints/resume.pth forecaster.model.base
74	'train'	Time:59.94	MetricT: 5.69	mse: 59.0630	mae: 4.0071	corr: -0.7784	rrse: 0.4133	r2: 0.8445	loss: 0.0375	minmax_loss: 0.0001	dynamic_loss: 0.0125	static_loss: 0.0129	final_loss: 0.0121	2024-07-31 12:55:35.069727
74	'valid'	Time:19.59	MetricT: 1.34	mse: 92.9096	mae: 5.0212	corr: -0.7443	rrse: 0.5065	r2: 0.7708	loss: 0.0594	minmax_loss: 0.0001	dynamic_loss: 0.0207	static_loss: 0.0197	final_loss: 0.0190	2024-07-31 12:55:56.006340
2024-07-31 12:55:56,007 - utilsd.earlystop - INFO - Earlystop patience 25 out of 30
Checkpoint saved to outputs/checkpoints/resume.pth forecaster.model.base
75	'train'	Time:61.71	MetricT: 5.56	mse: 58.6474	mae: 4.0044	corr: -0.7783	rrse: 0.4118	r2: 0.8456	loss: 0.0372	minmax_loss: 0.0001	dynamic_loss: 0.0124	static_loss: 0.0128	final_loss: 0.0120	2024-07-31 12:57:03.449386
75	'valid'	Time:16.54	MetricT: 1.48	mse: 93.3112	mae: 5.1540	corr: -0.7484	rrse: 0.5075	r2: 0.7698	loss: 0.0595	minmax_loss: 0.0001	dynamic_loss: 0.0206	static_loss: 0.0198	final_loss: 0.0191	2024-07-31 12:57:21.483287
2024-07-31 12:57:21,484 - utilsd.earlystop - INFO - Earlystop patience 26 out of 30
Checkpoint saved to outputs/checkpoints/resume.pth forecaster.model.base
76	'train'	Time:56.54	MetricT: 6.06	mse: 58.5498	mae: 4.0098	corr: -0.7782	rrse: 0.4115	r2: 0.8459	loss: 0.0372	minmax_loss: 0.0001	dynamic_loss: 0.0124	static_loss: 0.0128	final_loss: 0.0120	2024-07-31 12:58:24.403776
76	'valid'	Time:10.50	MetricT: 1.46	mse: 94.0963	mae: 5.1233	corr: -0.7438	rrse: 0.5097	r2: 0.7679	loss: 0.0600	minmax_loss: 0.0001	dynamic_loss: 0.0208	static_loss: 0.0199	final_loss: 0.0192	2024-07-31 12:58:36.365870
2024-07-31 12:58:36,366 - utilsd.earlystop - INFO - Earlystop patience 27 out of 30
Checkpoint saved to outputs/checkpoints/resume.pth forecaster.model.base
77	'train'	Time:49.83	MetricT: 5.81	mse: 58.7877	mae: 4.0168	corr: -0.7783	rrse: 0.4123	r2: 0.8453	loss: 0.0374	minmax_loss: 0.0001	dynamic_loss: 0.0125	static_loss: 0.0128	final_loss: 0.0120	2024-07-31 12:59:32.345242
77	'valid'	Time:11.57	MetricT: 1.59	mse: 93.2604	mae: 4.9590	corr: -0.7509	rrse: 0.5074	r2: 0.7699	loss: 0.0597	minmax_loss: 0.0001	dynamic_loss: 0.0207	static_loss: 0.0199	final_loss: 0.0191	2024-07-31 12:59:45.512492
2024-07-31 12:59:45,513 - utilsd.earlystop - INFO - Earlystop patience 28 out of 30
Checkpoint saved to outputs/checkpoints/resume.pth forecaster.model.base
78	'train'	Time:52.67	MetricT: 5.54	mse: 58.4358	mae: 4.0221	corr: -0.7773	rrse: 0.4111	r2: 0.8462	loss: 0.0372	minmax_loss: 0.0001	dynamic_loss: 0.0124	static_loss: 0.0128	final_loss: 0.0119	2024-07-31 13:00:43.909776
78	'valid'	Time:20.75	MetricT: 2.14	mse: 93.6831	mae: 4.9225	corr: -0.7550	rrse: 0.5086	r2: 0.7689	loss: 0.0597	minmax_loss: 0.0001	dynamic_loss: 0.0210	static_loss: 0.0196	final_loss: 0.0192	2024-07-31 13:01:06.804457
2024-07-31 13:01:06,806 - utilsd.earlystop - INFO - Earlystop patience 29 out of 30
Checkpoint saved to outputs/checkpoints/resume.pth forecaster.model.base
79	'train'	Time:76.07	MetricT: 5.43	mse: 57.7191	mae: 3.9678	corr: -0.7804	rrse: 0.4085	r2: 0.8481	loss: 0.0367	minmax_loss: 0.0001	dynamic_loss: 0.0122	static_loss: 0.0127	final_loss: 0.0118	2024-07-31 13:02:28.616909
79	'valid'	Time:16.31	MetricT: 1.42	mse: 95.4352	mae: 5.0465	corr: -0.7490	rrse: 0.5133	r2: 0.7646	loss: 0.0611	minmax_loss: 0.0001	dynamic_loss: 0.0213	static_loss: 0.0203	final_loss: 0.0195	2024-07-31 13:02:46.343981
2024-07-31 13:02:46,345 - utilsd.earlystop - INFO - Earlystop patience 30 out of 30
Checkpoint saved to outputs/checkpoints/resume.pth forecaster.model.base
80	'train'	Time:64.84	MetricT: 6.61	mse: 57.5333	mae: 3.9927	corr: -0.7795	rrse: 0.4079	r2: 0.8486	loss: 0.0367	minmax_loss: 0.0001	dynamic_loss: 0.0122	static_loss: 0.0127	final_loss: 0.0118	2024-07-31 13:03:57.973637
80	'valid'	Time:16.66	MetricT: 2.17	mse: 94.3544	mae: 4.9224	corr: -0.7483	rrse: 0.5104	r2: 0.7672	loss: 0.0604	minmax_loss: 0.0001	dynamic_loss: 0.0213	static_loss: 0.0198	final_loss: 0.0193	2024-07-31 13:04:16.808765
2024-07-31 13:04:16,811 - utilsd.earlystop - INFO - Earlystop running out of patience (30)
Begin evaluate on testset ...
